<?xml version="1.0" encoding="UTF-8"?>
<!-- Generated by org.testng.reporters.JUnitReportReporter -->
<testsuite hostname="DELL-5559" name="roi.roitest.ScreenKeyBoardTest" tests="2" failures="0" timestamp="13 May 2018 20:05:20 GMT" time="4.454" errors="0">
  <testcase name="testKeyboardAppearance" time="1.074" classname="roi.roitest.ScreenKeyBoardTest"/>
  <testcase name="testKeyBoardClose" time="3.380" classname="roi.roitest.ScreenKeyBoardTest"/>
</testsuite> <!-- roi.roitest.ScreenKeyBoardTest -->
