<?xml version="1.0" encoding="UTF-8"?>
<!-- Generated by org.testng.reporters.JUnitReportReporter -->
<testsuite hostname="DELL-5559" name="roi.roitest.ScreenKeyBoardTest" tests="2" failures="0" timestamp="20 May 2018 12:03:50 GMT" time="1.510" errors="0">
  <testcase name="testKeyBoardClose" time="0.344" classname="roi.roitest.ScreenKeyBoardTest"/>
  <testcase name="testKeyboardAppearance" time="1.166" classname="roi.roitest.ScreenKeyBoardTest"/>
</testsuite> <!-- roi.roitest.ScreenKeyBoardTest -->
